<?xml version="1.0" encoding="UTF-8"?>
<!-- Generated by org.testng.reporters.JUnitReportReporter -->
<testsuite hostname="Dell" failures="0" tests="1" name="seleniumCucumber.App" time="97.055" errors="0" timestamp="2024-03-13T10:05:07 IST" skipped="0">
  <testcase classname="seleniumCucumber.App" name="initializingEdgeDriver" time="97.055"/>
  <system-out/>
</testsuite> <!-- seleniumCucumber.App -->
